<?xml version="1.0" encoding="UTF-8"?>
<robot generator="Robot 4.0.3 (Python 3.7.6 on win32)" generated="20211217 00:30:10.359" rpa="false" schemaversion="2">
<suite id="s1" name="Timetable Generator" source="C:\MY\ISCTE\Timetable_Generator">
<suite id="s1-s1" name="TestSuite Timetable Generator" source="C:\MY\ISCTE\Timetable_Generator\TestSuite_Timetable_Generator.robot">
<test id="s1-s1-t1" name="TEST_UPLOAD">
<kw name="Open Application" type="SETUP">
<kw name="Open Browser" library="SeleniumLibrary">
<arg>${url}</arg>
<arg>chrome</arg>
<doc>Opens a new browser instance to the optional ``url``.</doc>
<msg timestamp="20211217 00:30:10.829" level="INFO">Opening browser 'chrome' to base url 'https://ads-timetablegenerator.herokuapp.com/'.</msg>
<status status="PASS" starttime="20211217 00:30:10.829" endtime="20211217 00:30:14.531"/>
</kw>
<status status="PASS" starttime="20211217 00:30:10.829" endtime="20211217 00:30:14.532"/>
</kw>
<kw name="Go to timetable menu">
<kw name="Click Element" library="SeleniumLibrary">
<arg>//a[@href='/timetable']</arg>
<doc>Click the element identified by ``locator``.</doc>
<msg timestamp="20211217 00:30:14.536" level="INFO">Clicking element '//a[@href='/timetable']'.</msg>
<status status="PASS" starttime="20211217 00:30:14.535" endtime="20211217 00:30:14.983"/>
</kw>
<status status="PASS" starttime="20211217 00:30:14.533" endtime="20211217 00:30:14.984"/>
</kw>
<kw name="Capture Page Screenshot" library="SeleniumLibrary">
<doc>Takes a screenshot of the current page and embeds it into a log file.</doc>
<msg timestamp="20211217 00:30:15.200" level="INFO" html="true">&lt;/td&gt;&lt;/tr&gt;&lt;tr&gt;&lt;td colspan="3"&gt;&lt;a href="selenium-screenshot-1.png"&gt;&lt;img src="selenium-screenshot-1.png" width="800px"&gt;&lt;/a&gt;</msg>
<status status="PASS" starttime="20211217 00:30:14.985" endtime="20211217 00:30:15.207"/>
</kw>
<kw name="Validate Request Timetable and Download Timetable appears">
<kw name="Element Should Be Visible" library="SeleniumLibrary">
<arg>//button[contains(text(),'Request Timetabling')]</arg>
<doc>Verifies that the element identified by ``locator`` is visible.</doc>
<msg timestamp="20211217 00:30:15.268" level="INFO">Element '//button[contains(text(),'Request Timetabling')]' is displayed.</msg>
<status status="PASS" starttime="20211217 00:30:15.207" endtime="20211217 00:30:15.268"/>
</kw>
<kw name="Element Should Be Visible" library="SeleniumLibrary">
<arg>//button[contains(text(),'Download Timetable')]</arg>
<doc>Verifies that the element identified by ``locator`` is visible.</doc>
<msg timestamp="20211217 00:30:15.307" level="INFO">Element '//button[contains(text(),'Download Timetable')]' is displayed.</msg>
<status status="PASS" starttime="20211217 00:30:15.268" endtime="20211217 00:30:15.307"/>
</kw>
<status status="PASS" starttime="20211217 00:30:15.207" endtime="20211217 00:30:15.322"/>
</kw>
<kw name="Capture Page Screenshot" library="SeleniumLibrary">
<doc>Takes a screenshot of the current page and embeds it into a log file.</doc>
<msg timestamp="20211217 00:30:15.471" level="INFO" html="true">&lt;/td&gt;&lt;/tr&gt;&lt;tr&gt;&lt;td colspan="3"&gt;&lt;a href="selenium-screenshot-2.png"&gt;&lt;img src="selenium-screenshot-2.png" width="800px"&gt;&lt;/a&gt;</msg>
<status status="PASS" starttime="20211217 00:30:15.322" endtime="20211217 00:30:15.471"/>
</kw>
<kw name="Click on the request timetable button">
<kw name="Click Element" library="SeleniumLibrary">
<arg>//button[contains(text(),'Request Timetabling')]</arg>
<doc>Click the element identified by ``locator``.</doc>
<msg timestamp="20211217 00:30:15.471" level="INFO">Clicking element '//button[contains(text(),'Request Timetabling')]'.</msg>
<status status="PASS" starttime="20211217 00:30:15.471" endtime="20211217 00:30:15.542"/>
</kw>
<status status="PASS" starttime="20211217 00:30:15.471" endtime="20211217 00:30:15.544"/>
</kw>
<kw name="Capture Page Screenshot" library="SeleniumLibrary">
<doc>Takes a screenshot of the current page and embeds it into a log file.</doc>
<msg timestamp="20211217 00:30:15.714" level="INFO" html="true">&lt;/td&gt;&lt;/tr&gt;&lt;tr&gt;&lt;td colspan="3"&gt;&lt;a href="selenium-screenshot-3.png"&gt;&lt;img src="selenium-screenshot-3.png" width="800px"&gt;&lt;/a&gt;</msg>
<status status="PASS" starttime="20211217 00:30:15.544" endtime="20211217 00:30:15.714"/>
</kw>
<kw name="Validate file choosing options appears">
<kw name="Element Should Be Visible" library="SeleniumLibrary">
<arg>//input[@name='file_classrooms']</arg>
<doc>Verifies that the element identified by ``locator`` is visible.</doc>
<msg timestamp="20211217 00:30:15.763" level="INFO">Element '//input[@name='file_classrooms']' is displayed.</msg>
<status status="PASS" starttime="20211217 00:30:15.716" endtime="20211217 00:30:15.764"/>
</kw>
<kw name="Element Should Be Visible" library="SeleniumLibrary">
<arg>//input[@name='file_classes']</arg>
<doc>Verifies that the element identified by ``locator`` is visible.</doc>
<msg timestamp="20211217 00:30:15.809" level="INFO">Element '//input[@name='file_classes']' is displayed.</msg>
<status status="PASS" starttime="20211217 00:30:15.765" endtime="20211217 00:30:15.811"/>
</kw>
<status status="PASS" starttime="20211217 00:30:15.715" endtime="20211217 00:30:15.812"/>
</kw>
<kw name="Capture Page Screenshot" library="SeleniumLibrary">
<doc>Takes a screenshot of the current page and embeds it into a log file.</doc>
<msg timestamp="20211217 00:30:15.985" level="INFO" html="true">&lt;/td&gt;&lt;/tr&gt;&lt;tr&gt;&lt;td colspan="3"&gt;&lt;a href="selenium-screenshot-4.png"&gt;&lt;img src="selenium-screenshot-4.png" width="800px"&gt;&lt;/a&gt;</msg>
<status status="PASS" starttime="20211217 00:30:15.813" endtime="20211217 00:30:15.986"/>
</kw>
<kw name="Choose csv file for the classes">
<kw name="Choose File" library="SeleniumLibrary">
<arg>//input[@name='file_classes']</arg>
<arg>C:\\MY\\ISCTE\\Timetable_Generator/Files/classTest.csv</arg>
<doc>Inputs the ``file_path`` into the file input field ``locator``.</doc>
<msg timestamp="20211217 00:30:15.988" level="INFO">Sending C:\MY\ISCTE\Timetable_Generator\Files\classTest.csv to browser.</msg>
<status status="PASS" starttime="20211217 00:30:15.988" endtime="20211217 00:30:16.039"/>
</kw>
<status status="PASS" starttime="20211217 00:30:15.986" endtime="20211217 00:30:16.041"/>
</kw>
<kw name="Capture Page Screenshot" library="SeleniumLibrary">
<doc>Takes a screenshot of the current page and embeds it into a log file.</doc>
<msg timestamp="20211217 00:30:16.224" level="INFO" html="true">&lt;/td&gt;&lt;/tr&gt;&lt;tr&gt;&lt;td colspan="3"&gt;&lt;a href="selenium-screenshot-5.png"&gt;&lt;img src="selenium-screenshot-5.png" width="800px"&gt;&lt;/a&gt;</msg>
<status status="PASS" starttime="20211217 00:30:16.042" endtime="20211217 00:30:16.224"/>
</kw>
<kw name="Choose csv file for the class rooms">
<kw name="Choose File" library="SeleniumLibrary">
<arg>//input[@name='file_classrooms']</arg>
<arg>C:\\MY\\ISCTE\\Timetable_Generator/Files/classRoomTest.csv</arg>
<doc>Inputs the ``file_path`` into the file input field ``locator``.</doc>
<msg timestamp="20211217 00:30:16.224" level="INFO">Sending C:\MY\ISCTE\Timetable_Generator\Files\classRoomTest.csv to browser.</msg>
<status status="PASS" starttime="20211217 00:30:16.224" endtime="20211217 00:30:16.306"/>
</kw>
<status status="PASS" starttime="20211217 00:30:16.224" endtime="20211217 00:30:16.307"/>
</kw>
<kw name="Capture Page Screenshot" library="SeleniumLibrary">
<doc>Takes a screenshot of the current page and embeds it into a log file.</doc>
<msg timestamp="20211217 00:30:16.488" level="INFO" html="true">&lt;/td&gt;&lt;/tr&gt;&lt;tr&gt;&lt;td colspan="3"&gt;&lt;a href="selenium-screenshot-6.png"&gt;&lt;img src="selenium-screenshot-6.png" width="800px"&gt;&lt;/a&gt;</msg>
<status status="PASS" starttime="20211217 00:30:16.309" endtime="20211217 00:30:16.504"/>
</kw>
<kw name="Click button Upload">
<kw name="Click Element" library="SeleniumLibrary">
<arg>//button[@type='submit']</arg>
<doc>Click the element identified by ``locator``.</doc>
<msg timestamp="20211217 00:30:16.504" level="INFO">Clicking element '//button[@type='submit']'.</msg>
<status status="PASS" starttime="20211217 00:30:16.504" endtime="20211217 00:30:18.938"/>
</kw>
<status status="PASS" starttime="20211217 00:30:16.504" endtime="20211217 00:30:18.939"/>
</kw>
<kw name="Capture Page Screenshot" library="SeleniumLibrary">
<doc>Takes a screenshot of the current page and embeds it into a log file.</doc>
<msg timestamp="20211217 00:30:19.119" level="INFO" html="true">&lt;/td&gt;&lt;/tr&gt;&lt;tr&gt;&lt;td colspan="3"&gt;&lt;a href="selenium-screenshot-7.png"&gt;&lt;img src="selenium-screenshot-7.png" width="800px"&gt;&lt;/a&gt;</msg>
<status status="PASS" starttime="20211217 00:30:18.939" endtime="20211217 00:30:19.119"/>
</kw>
<kw name="Validate upload successful">
<kw name="Element Should Be Visible" library="SeleniumLibrary">
<arg>//p[contains(text(),'You successfully uploaded')]</arg>
<doc>Verifies that the element identified by ``locator`` is visible.</doc>
<msg timestamp="20211217 00:30:19.143" level="INFO">Element '//p[contains(text(),'You successfully uploaded')]' is displayed.</msg>
<status status="PASS" starttime="20211217 00:30:19.119" endtime="20211217 00:30:19.143"/>
</kw>
<kw name="Element Should Be Visible" library="SeleniumLibrary">
<arg>//div[@id='timetable_tabulator']</arg>
<doc>Verifies that the element identified by ``locator`` is visible.</doc>
<msg timestamp="20211217 00:30:19.191" level="INFO">Element '//div[@id='timetable_tabulator']' is displayed.</msg>
<status status="PASS" starttime="20211217 00:30:19.143" endtime="20211217 00:30:19.191"/>
</kw>
<status status="PASS" starttime="20211217 00:30:19.119" endtime="20211217 00:30:19.192"/>
</kw>
<kw name="Capture Page Screenshot" library="SeleniumLibrary">
<doc>Takes a screenshot of the current page and embeds it into a log file.</doc>
<msg timestamp="20211217 00:30:19.389" level="INFO" html="true">&lt;/td&gt;&lt;/tr&gt;&lt;tr&gt;&lt;td colspan="3"&gt;&lt;a href="selenium-screenshot-8.png"&gt;&lt;img src="selenium-screenshot-8.png" width="800px"&gt;&lt;/a&gt;</msg>
<status status="PASS" starttime="20211217 00:30:19.193" endtime="20211217 00:30:19.389"/>
</kw>
<kw name="Close Application" type="TEARDOWN">
<kw name="Close Browser" library="SeleniumLibrary">
<doc>Closes the current browser.</doc>
<status status="PASS" starttime="20211217 00:30:19.389" endtime="20211217 00:30:21.717"/>
</kw>
<status status="PASS" starttime="20211217 00:30:19.389" endtime="20211217 00:30:21.717"/>
</kw>
<doc>*Title*: Automated test to check if the upload functionality works in the Timetable Generator application</doc>
<status status="PASS" starttime="20211217 00:30:10.829" endtime="20211217 00:30:21.717"/>
</test>
<status status="PASS" starttime="20211217 00:30:10.459" endtime="20211217 00:30:21.717"/>
</suite>
<status status="PASS" starttime="20211217 00:30:10.396" endtime="20211217 00:30:21.717"/>
</suite>
<statistics>
<total>
<stat pass="1" fail="0" skip="0">All Tests</stat>
</total>
<tag>
</tag>
<suite>
<stat pass="1" fail="0" skip="0" id="s1" name="Timetable Generator">Timetable Generator</stat>
<stat pass="1" fail="0" skip="0" id="s1-s1" name="TestSuite Timetable Generator">Timetable Generator.TestSuite Timetable Generator</stat>
</suite>
</statistics>
<errors>
</errors>
</robot>
